#
# There is insufficient memory for the Java Runtime Environment to continue.
# Native memory allocation (malloc) failed to allocate 453952 bytes for Chunk::new
# Possible reasons:
#   The system is out of physical RAM or swap space
#   In 32 bit mode, the process size limit was hit
# Possible solutions:
#   Reduce memory load on the system
#   Increase physical memory or swap space
#   Check if swap backing store is full
#   Use 64 bit Java on a 64 bit OS
#   Decrease Java heap size (-Xmx/-Xms)
#   Decrease number of Java threads
#   Decrease Java thread stack sizes (-Xss)
#   Set larger code cache with -XX:ReservedCodeCacheSize=
# This output file may be truncated or incomplete.
#
#  Out of Memory Error (allocation.cpp:390), pid=5620, tid=0x0000000000005888
#
# JRE version: Java(TM) SE Runtime Environment (8.0_191-b12) (build 1.8.0_191-b12)
# Java VM: Java HotSpot(TM) 64-Bit Server VM (25.191-b12 mixed mode windows-amd64 compressed oops)
# Failed to write core dump. Minidumps are not enabled by default on client versions of Windows
#

---------------  T H R E A D  ---------------

Current thread (0x0000000019c8f800):  JavaThread "C2 CompilerThread0" daemon [_thread_in_native, id=22664, stack(0x000000001a400000,0x000000001a500000)]

Stack: [0x000000001a400000,0x000000001a500000]
[error occurred during error reporting (printing stack bounds), id 0xc0000005]

Native frames: (J=compiled Java code, j=interpreted, Vv=VM code, C=native code)


Current CompileTask:
C2:   3087 3271       4       java.net.URLClassLoader$1::run (5 bytes)


---------------  P R O C E S S  ---------------

Java Threads: ( => current thread )
  0x0000000019d1b000 JavaThread "Service Thread" daemon [_thread_blocked, id=256, stack(0x000000001a800000,0x000000001a900000)]
  0x0000000019c9d800 JavaThread "C1 CompilerThread3" daemon [_thread_blocked, id=9916, stack(0x000000001a700000,0x000000001a800000)]
  0x0000000019c96800 JavaThread "C2 CompilerThread2" daemon [_thread_in_native, id=12292, stack(0x000000001a600000,0x000000001a700000)]
  0x0000000019c91800 JavaThread "C2 CompilerThread1" daemon [_thread_in_native, id=12580, stack(0x000000001a500000,0x000000001a600000)]
=>0x0000000019c8f800 JavaThread "C2 CompilerThread0" daemon [_thread_in_native, id=22664, stack(0x000000001a400000,0x000000001a500000)]
  0x0000000019c8d800 JavaThread "Attach Listener" daemon [_thread_blocked, id=25284, stack(0x000000001a300000,0x000000001a400000)]
  0x0000000019c3a000 JavaThread "Signal Dispatcher" daemon [_thread_blocked, id=24128, stack(0x000000001a200000,0x000000001a300000)]
  0x0000000017e3e000 JavaThread "Finalizer" daemon [_thread_blocked, id=19932, stack(0x000000001a100000,0x000000001a200000)]
  0x0000000019c20800 JavaThread "Reference Handler" daemon [_thread_blocked, id=22452, stack(0x000000001a000000,0x000000001a100000)]
  0x0000000002f3e000 JavaThread "main" [_thread_in_native, id=20216, stack(0x0000000002850000,0x0000000002950000)]

Other Threads:
  0x0000000017e39000 VMThread [stack: 0x0000000019b00000,0x0000000019c00000] [id=10684]
  0x0000000019d48000 WatcherThread [stack: 0x000000001a900000,0x000000001aa00000] [id=24712]

VM state:not at safepoint (normal execution)

VM Mutex/Monitor currently owned by a thread: None

Heap:
 PSYoungGen      total 70656K, used 30081K [0x00000000d6200000, 0x00000000df600000, 0x0000000100000000)
  eden space 65536K, 38% used [0x00000000d6200000,0x00000000d7a666b0,0x00000000da200000)
  from space 5120K, 99% used [0x00000000da200000,0x00000000da6fa020,0x00000000da700000)
  to   space 10240K, 0% used [0x00000000dec00000,0x00000000dec00000,0x00000000df600000)
 ParOldGen       total 86016K, used 13014K [0x0000000082600000, 0x0000000087a00000, 0x00000000d6200000)
  object space 86016K, 15% used [0x0000000082600000,0x00000000832b5990,0x0000000087a00000)
 Metaspace       used 20566K, capacity 21132K, committed 21296K, reserved 1069056K
  class space    used 2479K, capacity 2628K, committed 2688K, reserved 1048576K

Card table byte_map: [0x0000000012300000,0x00000000126f0000] byte_map_base: 0x0000000011eed000

Marking Bits: (ParMarkBitMap*) 0x0000000052b63e30
 Begin Bits: [0x0000000013190000, 0x00000000150f8000)
 End Bits:   [0x00000000150f8000, 0x0000000017060000)

Polling page: 0x0000000000f60000

CodeCache: size=245760Kb used=11985Kb max_used=11985Kb free=233774Kb
 bounds [0x0000000002f40000, 0x0000000003b00000, 0x0000000011f40000]
 total_blobs=3679 nmethods=3294 adapters=297
 compilation: enabled

Compilation events (10 events):
Event: 3.053 Thread 0x0000000019c9d800 3294       3       com.sun.tools.javac.util.Context::uncheckedCast (2 bytes)
Event: 3.053 Thread 0x0000000019c9d800 nmethod 3294 0x0000000003af4d10 code [0x0000000003af4e60, 0x0000000003af4f90]
Event: 3.066 Thread 0x0000000019c9d800 3295       3       com.sun.tools.javac.util.Context::get (82 bytes)
Event: 3.067 Thread 0x0000000019c9d800 nmethod 3295 0x0000000003af5410 code [0x0000000003af5680, 0x0000000003af6598]
Event: 3.075 Thread 0x0000000019c9d800 3296       3       java.lang.String::getBytes (27 bytes)
Event: 3.075 Thread 0x0000000019c9d800 nmethod 3296 0x0000000003af6e90 code [0x0000000003af7000, 0x0000000003af7298]
Event: 3.075 Thread 0x0000000019c9d800 3297   !   3       java.lang.StringCoding::encode (120 bytes)
Event: 3.076 Thread 0x0000000019c9d800 nmethod 3297 0x0000000003af7390 code [0x0000000003af76c0, 0x0000000003af9178]
Event: 3.076 Thread 0x0000000019c9d800 3298   !   3       java.util.jar.Attributes::read (380 bytes)
Event: 3.077 Thread 0x0000000019c9d800 nmethod 3298 0x0000000003afa090 code [0x0000000003afa4e0, 0x0000000003afca88]

GC Heap History (10 events):
Event: 0.774 GC heap before
{Heap before GC invocations=1 (full 0):
 PSYoungGen      total 37888K, used 32768K [0x00000000d6200000, 0x00000000d8c00000, 0x0000000100000000)
  eden space 32768K, 100% used [0x00000000d6200000,0x00000000d8200000,0x00000000d8200000)
  from space 5120K, 0% used [0x00000000d8700000,0x00000000d8700000,0x00000000d8c00000)
  to   space 5120K, 0% used [0x00000000d8200000,0x00000000d8200000,0x00000000d8700000)
 ParOldGen       total 86016K, used 0K [0x0000000082600000, 0x0000000087a00000, 0x00000000d6200000)
  object space 86016K, 0% used [0x0000000082600000,0x0000000082600000,0x0000000087a00000)
 Metaspace       used 8049K, capacity 8296K, committed 8576K, reserved 1056768K
  class space    used 1006K, capacity 1084K, committed 1152K, reserved 1048576K
Event: 0.779 GC heap after
Heap after GC invocations=1 (full 0):
 PSYoungGen      total 37888K, used 5104K [0x00000000d6200000, 0x00000000d8c00000, 0x0000000100000000)
  eden space 32768K, 0% used [0x00000000d6200000,0x00000000d6200000,0x00000000d8200000)
  from space 5120K, 99% used [0x00000000d8200000,0x00000000d86fc2f0,0x00000000d8700000)
  to   space 5120K, 0% used [0x00000000d8700000,0x00000000d8700000,0x00000000d8c00000)
 ParOldGen       total 86016K, used 503K [0x0000000082600000, 0x0000000087a00000, 0x00000000d6200000)
  object space 86016K, 0% used [0x0000000082600000,0x000000008267dee8,0x0000000087a00000)
 Metaspace       used 8049K, capacity 8296K, committed 8576K, reserved 1056768K
  class space    used 1006K, capacity 1084K, committed 1152K, reserved 1048576K
}
Event: 1.155 GC heap before
{Heap before GC invocations=2 (full 0):
 PSYoungGen      total 37888K, used 37872K [0x00000000d6200000, 0x00000000d8c00000, 0x0000000100000000)
  eden space 32768K, 100% used [0x00000000d6200000,0x00000000d8200000,0x00000000d8200000)
  from space 5120K, 99% used [0x00000000d8200000,0x00000000d86fc2f0,0x00000000d8700000)
  to   space 5120K, 0% used [0x00000000d8700000,0x00000000d8700000,0x00000000d8c00000)
 ParOldGen       total 86016K, used 503K [0x0000000082600000, 0x0000000087a00000, 0x00000000d6200000)
  object space 86016K, 0% used [0x0000000082600000,0x000000008267dee8,0x0000000087a00000)
 Metaspace       used 12388K, capacity 12576K, committed 12800K, reserved 1060864K
  class space    used 1583K, capacity 1674K, committed 1792K, reserved 1048576K
Event: 1.161 GC heap after
Heap after GC invocations=2 (full 0):
 PSYoungGen      total 37888K, used 5114K [0x00000000d6200000, 0x00000000dac00000, 0x0000000100000000)
  eden space 32768K, 0% used [0x00000000d6200000,0x00000000d6200000,0x00000000d8200000)
  from space 5120K, 99% used [0x00000000d8700000,0x00000000d8bfe958,0x00000000d8c00000)
  to   space 5120K, 0% used [0x00000000d8200000,0x00000000d8200000,0x00000000d8700000)
 ParOldGen       total 86016K, used 3487K [0x0000000082600000, 0x0000000087a00000, 0x00000000d6200000)
  object space 86016K, 4% used [0x0000000082600000,0x0000000082967fa8,0x0000000087a00000)
 Metaspace       used 12388K, capacity 12576K, committed 12800K, reserved 1060864K
  class space    used 1583K, capacity 1674K, committed 1792K, reserved 1048576K
}
Event: 1.642 GC heap before
{Heap before GC invocations=3 (full 0):
 PSYoungGen      total 37888K, used 37882K [0x00000000d6200000, 0x00000000dac00000, 0x0000000100000000)
  eden space 32768K, 100% used [0x00000000d6200000,0x00000000d8200000,0x00000000d8200000)
  from space 5120K, 99% used [0x00000000d8700000,0x00000000d8bfe958,0x00000000d8c00000)
  to   space 5120K, 0% used [0x00000000d8200000,0x00000000d8200000,0x00000000d8700000)
 ParOldGen       total 86016K, used 3487K [0x0000000082600000, 0x0000000087a00000, 0x00000000d6200000)
  object space 86016K, 4% used [0x0000000082600000,0x0000000082967fa8,0x0000000087a00000)
 Metaspace       used 14960K, capacity 15182K, committed 15488K, reserved 1062912K
  class space    used 1831K, capacity 1911K, committed 1920K, reserved 1048576K
Event: 1.647 GC heap after
Heap after GC invocations=3 (full 0):
 PSYoungGen      total 37888K, used 5088K [0x00000000d6200000, 0x00000000dac00000, 0x0000000100000000)
  eden space 32768K, 0% used [0x00000000d6200000,0x00000000d6200000,0x00000000d8200000)
  from space 5120K, 99% used [0x00000000d8200000,0x00000000d86f8050,0x00000000d8700000)
  to   space 5120K, 0% used [0x00000000da700000,0x00000000da700000,0x00000000dac00000)
 ParOldGen       total 86016K, used 6395K [0x0000000082600000, 0x0000000087a00000, 0x00000000d6200000)
  object space 86016K, 7% used [0x0000000082600000,0x0000000082c3ed20,0x0000000087a00000)
 Metaspace       used 14960K, capacity 15182K, committed 15488K, reserved 1062912K
  class space    used 1831K, capacity 1911K, committed 1920K, reserved 1048576K
}
Event: 1.964 GC heap before
{Heap before GC invocations=4 (full 0):
 PSYoungGen      total 37888K, used 37856K [0x00000000d6200000, 0x00000000dac00000, 0x0000000100000000)
  eden space 32768K, 100% used [0x00000000d6200000,0x00000000d8200000,0x00000000d8200000)
  from space 5120K, 99% used [0x00000000d8200000,0x00000000d86f8050,0x00000000d8700000)
  to   space 5120K, 0% used [0x00000000da700000,0x00000000da700000,0x00000000dac00000)
 ParOldGen       total 86016K, used 6395K [0x0000000082600000, 0x0000000087a00000, 0x00000000d6200000)
  object space 86016K, 7% used [0x0000000082600000,0x0000000082c3ed20,0x0000000087a00000)
 Metaspace       used 15211K, capacity 15486K, committed 15744K, reserved 1062912K
  class space    used 1837K, capacity 1919K, committed 1920K, reserved 1048576K
Event: 1.971 GC heap after
Heap after GC invocations=4 (full 0):
 PSYoungGen      total 70656K, used 5104K [0x00000000d6200000, 0x00000000dac00000, 0x0000000100000000)
  eden space 65536K, 0% used [0x00000000d6200000,0x00000000d6200000,0x00000000da200000)
  from space 5120K, 99% used [0x00000000da700000,0x00000000dabfc060,0x00000000dac00000)
  to   space 5120K, 0% used [0x00000000da200000,0x00000000da200000,0x00000000da700000)
 ParOldGen       total 86016K, used 8707K [0x0000000082600000, 0x0000000087a00000, 0x00000000d6200000)
  object space 86016K, 10% used [0x0000000082600000,0x0000000082e80d50,0x0000000087a00000)
 Metaspace       used 15211K, capacity 15486K, committed 15744K, reserved 1062912K
  class space    used 1837K, capacity 1919K, committed 1920K, reserved 1048576K
}
Event: 2.694 GC heap before
{Heap before GC invocations=5 (full 0):
 PSYoungGen      total 70656K, used 70640K [0x00000000d6200000, 0x00000000dac00000, 0x0000000100000000)
  eden space 65536K, 100% used [0x00000000d6200000,0x00000000da200000,0x00000000da200000)
  from space 5120K, 99% used [0x00000000da700000,0x00000000dabfc060,0x00000000dac00000)
  to   space 5120K, 0% used [0x00000000da200000,0x00000000da200000,0x00000000da700000)
 ParOldGen       total 86016K, used 8707K [0x0000000082600000, 0x0000000087a00000, 0x00000000d6200000)
  object space 86016K, 10% used [0x0000000082600000,0x0000000082e80d50,0x0000000087a00000)
 Metaspace       used 16687K, capacity 17158K, committed 17280K, reserved 1064960K
  class space    used 1982K, capacity 2131K, committed 2176K, reserved 1048576K
Event: 2.701 GC heap after
Heap after GC invocations=5 (full 0):
 PSYoungGen      total 70656K, used 5096K [0x00000000d6200000, 0x00000000df600000, 0x0000000100000000)
  eden space 65536K, 0% used [0x00000000d6200000,0x00000000d6200000,0x00000000da200000)
  from space 5120K, 99% used [0x00000000da200000,0x00000000da6fa020,0x00000000da700000)
  to   space 10240K, 0% used [0x00000000dec00000,0x00000000dec00000,0x00000000df600000)
 ParOldGen       total 86016K, used 13014K [0x0000000082600000, 0x0000000087a00000, 0x00000000d6200000)
  object space 86016K, 15% used [0x0000000082600000,0x00000000832b5990,0x0000000087a00000)
 Metaspace       used 16687K, capacity 17158K, committed 17280K, reserved 1064960K
  class space    used 1982K, capacity 2131K, committed 2176K, reserved 1048576K
}

Deoptimization events (10 events):
Event: 2.339 Thread 0x0000000002f3e000 Uncommon trap: reason=class_check action=maybe_recompile pc=0x0000000003881bd8 method=org.eclipse.sisu.wire.EntryListAdapter$ValueIterator.hasNext()Z @ 4
Event: 2.339 Thread 0x0000000002f3e000 Uncommon trap: reason=unstable_if action=reinterpret pc=0x00000000038f7d38 method=java.util.concurrent.ConcurrentHashMap.replaceNode(Ljava/lang/Object;Ljava/lang/Object;Ljava/lang/Object;)Ljava/lang/Object; @ 203
Event: 2.362 Thread 0x0000000002f3e000 Uncommon trap: reason=bimorphic action=maybe_recompile pc=0x00000000034d9124 method=java.util.regex.Pattern$CharProperty.match(Ljava/util/regex/Matcher;ILjava/lang/CharSequence;)Z @ 37
Event: 2.434 Thread 0x0000000002f3e000 Uncommon trap: reason=unstable_if action=reinterpret pc=0x00000000036fea44 method=org.apache.maven.model.ConfigurationContainer.clone()Lorg/apache/maven/model/ConfigurationContainer; @ 37
Event: 2.564 Thread 0x0000000002f3e000 Uncommon trap: reason=class_check action=maybe_recompile pc=0x0000000003881bd8 method=org.eclipse.sisu.wire.EntryListAdapter$ValueIterator.hasNext()Z @ 4
Event: 2.618 Thread 0x0000000002f3e000 Uncommon trap: reason=bimorphic action=maybe_recompile pc=0x00000000034d9124 method=java.util.regex.Pattern$CharProperty.match(Ljava/util/regex/Matcher;ILjava/lang/CharSequence;)Z @ 37
Event: 2.767 Thread 0x0000000002f3e000 Uncommon trap: reason=class_check action=maybe_recompile pc=0x0000000003881bd8 method=org.eclipse.sisu.wire.EntryListAdapter$ValueIterator.hasNext()Z @ 4
Event: 2.816 Thread 0x0000000002f3e000 Uncommon trap: reason=bimorphic action=maybe_recompile pc=0x00000000034d9124 method=java.util.regex.Pattern$CharProperty.match(Ljava/util/regex/Matcher;ILjava/lang/CharSequence;)Z @ 37
Event: 2.819 Thread 0x0000000002f3e000 Uncommon trap: reason=unstable_if action=reinterpret pc=0x00000000037a3fa8 method=com.google.inject.internal.InjectorImpl.callInContext(Lcom/google/inject/internal/ContextualCallable;)Ljava/lang/Object; @ 161
Event: 2.853 Thread 0x0000000002f3e000 Uncommon trap: reason=unstable_if action=reinterpret pc=0x0000000003a04048 method=java.net.URI.match(CJJ)Z @ 19

Classes redefined (0 events):
No events

Internal exceptions (10 events):
Event: 1.260 Thread 0x0000000002f3e000 Exception <a 'java/lang/NullPointerException'> (0x00000000d670d7e0) thrown at [C:\re\workspace\8-2-build-windows-amd64-cygwin\jdk8u191\11896\hotspot\src\share\vm\interpreter\linkResolver.cpp, line 1185]
Event: 1.260 Thread 0x0000000002f3e000 Exception <a 'java/lang/NullPointerException'> (0x00000000d670d9f8) thrown at [C:\re\workspace\8-2-build-windows-amd64-cygwin\jdk8u191\11896\hotspot\src\share\vm\interpreter\linkResolver.cpp, line 1185]
Event: 1.261 Thread 0x0000000002f3e000 Exception <a 'java/lang/NullPointerException'> (0x00000000d671d588) thrown at [C:\re\workspace\8-2-build-windows-amd64-cygwin\jdk8u191\11896\hotspot\src\share\vm\interpreter\linkResolver.cpp, line 1185]
Event: 1.261 Thread 0x0000000002f3e000 Exception <a 'java/lang/NullPointerException'> (0x00000000d671d7a0) thrown at [C:\re\workspace\8-2-build-windows-amd64-cygwin\jdk8u191\11896\hotspot\src\share\vm\interpreter\linkResolver.cpp, line 1185]
Event: 1.261 Thread 0x0000000002f3e000 Exception <a 'java/lang/NullPointerException'> (0x00000000d671d9b8) thrown at [C:\re\workspace\8-2-build-windows-amd64-cygwin\jdk8u191\11896\hotspot\src\share\vm\interpreter\linkResolver.cpp, line 1185]
Event: 1.410 Thread 0x0000000002f3e000 Implicit null exception at 0x00000000032f6e55 to 0x00000000032f702d
Event: 1.410 Thread 0x0000000002f3e000 Implicit null exception at 0x0000000003265eef to 0x0000000003265f59
Event: 1.478 Thread 0x0000000002f3e000 Implicit null exception at 0x0000000003551a21 to 0x0000000003552b91
Event: 2.819 Thread 0x0000000002f3e000 Implicit null exception at 0x00000000037a2d9b to 0x00000000037a3f89
Event: 2.853 Thread 0x0000000002f3e000 Exception <a 'java/lang/ClassNotFoundException': com/sun/tools/javac/api/JavacTool> (0x00000000d6eaf7a0) thrown at [C:\re\workspace\8-2-build-windows-amd64-cygwin\jdk8u191\11896\hotspot\src\share\vm\classfile\systemDictionary.cpp, line 210]

Events (10 events):
Event: 3.068 loading class com/sun/tools/javac/api/MultiTaskListener
Event: 3.068 loading class com/sun/tools/javac/api/MultiTaskListener done
Event: 3.069 loading class com/sun/tools/javac/file/Locations$Path
Event: 3.069 loading class com/sun/tools/javac/file/Locations$Path done
Event: 3.069 Executing VM operation: Deoptimize
Event: 3.069 Executing VM operation: Deoptimize done
Event: 3.070 loading class com/sun/tools/javac/util/ListBuffer$1
Event: 3.070 loading class com/sun/tools/javac/util/ListBuffer$1 done
Event: 3.072 loading class com/sun/tools/javac/util/StringUtils
Event: 3.072 loading class com/sun/tools/javac/util/StringUtils done


Dynamic libraries:
0x00007ff662760000 - 0x00007ff662797000 	C:\Program Files\Java\jdk1.8.0_191\bin\java.exe
0x00007ffe5fe30000 - 0x00007ffe60011000 	C:\WINDOWS\SYSTEM32\ntdll.dll
0x00007ffe5dda0000 - 0x00007ffe5de51000 	C:\WINDOWS\System32\KERNEL32.DLL
0x00007ffe5cb70000 - 0x00007ffe5cde3000 	C:\WINDOWS\System32\KERNELBASE.dll
0x00007ffe5de60000 - 0x00007ffe5df01000 	C:\WINDOWS\System32\ADVAPI32.dll
0x00007ffe5d7d0000 - 0x00007ffe5d86e000 	C:\WINDOWS\System32\msvcrt.dll
0x00007ffe5d2b0000 - 0x00007ffe5d30b000 	C:\WINDOWS\System32\sechost.dll
0x00007ffe5e200000 - 0x00007ffe5e324000 	C:\WINDOWS\System32\RPCRT4.dll
0x00007ffe5df10000 - 0x00007ffe5e0a0000 	C:\WINDOWS\System32\USER32.dll
0x00007ffe5d180000 - 0x00007ffe5d1a0000 	C:\WINDOWS\System32\win32u.dll
0x00007ffe5e980000 - 0x00007ffe5e9a8000 	C:\WINDOWS\System32\GDI32.dll
0x00007ffe5c900000 - 0x00007ffe5ca91000 	C:\WINDOWS\System32\gdi32full.dll
0x00007ffe5cdf0000 - 0x00007ffe5ce8f000 	C:\WINDOWS\System32\msvcp_win.dll
0x00007ffe5d080000 - 0x00007ffe5d178000 	C:\WINDOWS\System32\ucrtbase.dll
0x00007ffe4e380000 - 0x00007ffe4e5e9000 	C:\WINDOWS\WinSxS\amd64_microsoft.windows.common-controls_6595b64144ccf1df_6.0.17134.1067_none_d401a3eb7c8ebdea\COMCTL32.dll
0x00007ffe5d310000 - 0x00007ffe5d631000 	C:\WINDOWS\System32\combase.dll
0x00007ffe5caa0000 - 0x00007ffe5cb19000 	C:\WINDOWS\System32\bcryptPrimitives.dll
0x00007ffe5e880000 - 0x00007ffe5e8ad000 	C:\WINDOWS\System32\IMM32.DLL
0x0000000052bf0000 - 0x0000000052cc2000 	C:\Program Files\Java\jdk1.8.0_191\jre\bin\msvcr100.dll
0x0000000052340000 - 0x0000000052be4000 	C:\Program Files\Java\jdk1.8.0_191\jre\bin\server\jvm.dll
0x00007ffe5d6a0000 - 0x00007ffe5d6a8000 	C:\WINDOWS\System32\PSAPI.DLL
0x00007ffe44b00000 - 0x00007ffe44b09000 	C:\WINDOWS\SYSTEM32\WSOCK32.dll
0x00007ffe59750000 - 0x00007ffe59773000 	C:\WINDOWS\SYSTEM32\WINMM.dll
0x00007ffe55080000 - 0x00007ffe5508a000 	C:\WINDOWS\SYSTEM32\VERSION.dll
0x00007ffe5d960000 - 0x00007ffe5d9cc000 	C:\WINDOWS\System32\WS2_32.dll
0x00007ffe59720000 - 0x00007ffe5974a000 	C:\WINDOWS\SYSTEM32\winmmbase.dll
0x00007ffe5cb20000 - 0x00007ffe5cb69000 	C:\WINDOWS\System32\cfgmgr32.dll
0x0000000052330000 - 0x000000005233f000 	C:\Program Files\Java\jdk1.8.0_191\jre\bin\verify.dll
0x0000000052300000 - 0x0000000052329000 	C:\Program Files\Java\jdk1.8.0_191\jre\bin\java.dll
0x00000000522e0000 - 0x00000000522f6000 	C:\Program Files\Java\jdk1.8.0_191\jre\bin\zip.dll
0x00007ffe5e9b0000 - 0x00007ffe5fdf4000 	C:\WINDOWS\System32\SHELL32.dll
0x00007ffe5dcf0000 - 0x00007ffe5dd99000 	C:\WINDOWS\System32\shcore.dll
0x00007ffe5c1f0000 - 0x00007ffe5c900000 	C:\WINDOWS\System32\windows.storage.dll
0x00007ffe5d640000 - 0x00007ffe5d691000 	C:\WINDOWS\System32\shlwapi.dll
0x00007ffe5c1d0000 - 0x00007ffe5c1e1000 	C:\WINDOWS\System32\kernel.appcore.dll
0x00007ffe5c130000 - 0x00007ffe5c14f000 	C:\WINDOWS\System32\profapi.dll
0x00007ffe5c170000 - 0x00007ffe5c1bc000 	C:\WINDOWS\System32\powrprof.dll
0x00007ffe5c1c0000 - 0x00007ffe5c1ca000 	C:\WINDOWS\System32\FLTLIB.DLL
0x00000000522c0000 - 0x00000000522da000 	C:\Program Files\Java\jdk1.8.0_191\jre\bin\net.dll
0x00007ffe5b9b0000 - 0x00007ffe5ba16000 	C:\WINDOWS\system32\mswsock.dll
0x00000000522a0000 - 0x00000000522b1000 	C:\Program Files\Java\jdk1.8.0_191\jre\bin\nio.dll

VM Arguments:
jvm_args: -Dclassworlds.conf=D:\apache-maven-3.3.9\bin\..\bin\m2.conf -Dmaven.home=D:\apache-maven-3.3.9\bin\.. -Dmaven.multiModuleProjectDirectory=D:\java\Program\wordcount 
java_command: org.codehaus.plexus.classworlds.launcher.Launcher clean package
java_class_path (initial): D:\apache-maven-3.3.9\bin\..\boot\plexus-classworlds-2.5.2.jar
Launcher Type: SUN_STANDARD

Environment Variables:
JAVA_HOME=C:\Program Files\Java\jdk1.8.0_191
CLASSPATH=.;C:\Program Files\Java\jdk1.8.0_191\lib\dt.jar;C:\Program Files\Java\jdk1.8.0_191\lib\tools.jar;
PATH=C:\Program Files\dotnet\;C:\Program Files\Microsoft SQL Server\130\Tools\Binn\;"C:\Program Files\Java\jdk1.8.0_191\bin;";D:\apache-maven-3.3.9\bin\;C:\Program Files\Java\jdk1.8.0_191\bin;
USERNAME=Soviet
OS=Windows_NT
PROCESSOR_IDENTIFIER=Intel64 Family 6 Model 142 Stepping 10, GenuineIntel



---------------  S Y S T E M  ---------------

OS: Windows 10.0 , 64 bit Build 17134 (10.0.17134.753)

CPU:total 8 (initial active 8) (4 cores per cpu, 2 threads per core) family 6 model 142 stepping 10, cmov, cx8, fxsr, mmx, sse, sse2, sse3, ssse3, sse4.1, sse4.2, popcnt, avx, avx2, aes, clmul, erms, 3dnowpref, lzcnt, ht, tsc, tscinvbit, bmi1, bmi2, adx

Memory: 4k page, physical 8227560k(570448k free), swap 15795736k(3808k free)

vm_info: Java HotSpot(TM) 64-Bit Server VM (25.191-b12) for windows-amd64 JRE (1.8.0_191-b12), built on Oct  6 2018 09:29:03 by "java_re" with MS VC++ 10.0 (VS2010)

time: Fri Nov 22 11:20:36 2019
elapsed time: 3 seconds (0d 0h 0m 3s)

